<?xml version="1.0" encoding="UTF-8"?>
<!-- Generated by org.testng.reporters.JUnitReportReporter -->
<testsuite skipped="0" hostname="LAPTOP-E8ET9AMO" name="com.taskschedular.GoogleTest" tests="1" failures="0" timestamp="06 Feb 2018 21:10:20 GMT" time="7.203" errors="0">
  <testcase name="luanchBrowser" time="7.203" classname="com.taskschedular.GoogleTest"/>
</testsuite> <!-- com.taskschedular.GoogleTest -->
